<?xml version="1.0" encoding="UTF-8"?>
<testsuites>
  <testsuite name="" tests="21" assertions="23" failures="0" errors="0" time="0.222088">
    <testsuite name="ControllerTests" tests="9" assertions="14" failures="0" errors="0" time="0.124927">
      <testsuite name="CI_Unit_Test_class_Test" file="/Users/roman/RomanFiles/Homepages/klickagent/clients/zhaw/istudybooks/src/main/php/webapp/application/tests/controllers/CI_Unit_Test_class_Test.php" fullPackage="CI.Unit.Test.class" tests="1" assertions="0" failures="0" errors="0" time="0.002541">
        <testcase name="test_CI_Unit_Test_Class" class="CI_Unit_Test_class_Test" file="/Users/roman/RomanFiles/Homepages/klickagent/clients/zhaw/istudybooks/src/main/php/webapp/application/tests/controllers/CI_Unit_Test_class_Test.php" line="13" assertions="0" time="0.002541"/>
      </testsuite>
      <testsuite name="SomeControllerTest" file="/Users/roman/RomanFiles/Homepages/klickagent/clients/zhaw/istudybooks/src/main/php/webapp/application/tests/controllers/WelcomeTest.php" tests="1" assertions="1" failures="0" errors="0" time="0.032157">
        <testcase name="testWelcomeController" class="SomeControllerTest" file="/Users/roman/RomanFiles/Homepages/klickagent/clients/zhaw/istudybooks/src/main/php/webapp/application/tests/controllers/WelcomeTest.php" line="15" assertions="1" time="0.032157"/>
      </testsuite>
      <testsuite name="OfferControllerTest" file="/Users/roman/RomanFiles/Homepages/klickagent/clients/zhaw/istudybooks/src/main/php/webapp/application/tests/controllers/offerControllerTest.php" tests="6" assertions="12" failures="0" errors="0" time="0.080348">
        <testcase name="testOfferEditControllerFailsNoLogin" class="OfferControllerTest" file="/Users/roman/RomanFiles/Homepages/klickagent/clients/zhaw/istudybooks/src/main/php/webapp/application/tests/controllers/offerControllerTest.php" line="36" assertions="2" time="0.008526"/>
        <testcase name="testOfferDeleteControllerFailsNoLogin" class="OfferControllerTest" file="/Users/roman/RomanFiles/Homepages/klickagent/clients/zhaw/istudybooks/src/main/php/webapp/application/tests/controllers/offerControllerTest.php" line="51" assertions="2" time="0.008111"/>
        <testcase name="testOfferDelete" class="OfferControllerTest" file="/Users/roman/RomanFiles/Homepages/klickagent/clients/zhaw/istudybooks/src/main/php/webapp/application/tests/controllers/offerControllerTest.php" line="66" assertions="2" time="0.009434"/>
        <testcase name="testOfferDeleteOfferNotAvailable" class="OfferControllerTest" file="/Users/roman/RomanFiles/Homepages/klickagent/clients/zhaw/istudybooks/src/main/php/webapp/application/tests/controllers/offerControllerTest.php" line="81" assertions="2" time="0.008386"/>
        <testcase name="testAddOfferFailsNoLogin" class="OfferControllerTest" file="/Users/roman/RomanFiles/Homepages/klickagent/clients/zhaw/istudybooks/src/main/php/webapp/application/tests/controllers/offerControllerTest.php" line="96" assertions="2" time="0.005749"/>
        <testcase name="testOrderOffer" class="OfferControllerTest" file="/Users/roman/RomanFiles/Homepages/klickagent/clients/zhaw/istudybooks/src/main/php/webapp/application/tests/controllers/offerControllerTest.php" line="104" assertions="2" time="0.040142"/>
      </testsuite>
      <testsuite name="VerifyLoginControllerTest" file="/Users/roman/RomanFiles/Homepages/klickagent/clients/zhaw/istudybooks/src/main/php/webapp/application/tests/controllers/verifyloginTest.php" tests="1" assertions="1" failures="0" errors="0" time="0.009881">
        <testcase name="testverifyloginController" class="VerifyLoginControllerTest" file="/Users/roman/RomanFiles/Homepages/klickagent/clients/zhaw/istudybooks/src/main/php/webapp/application/tests/controllers/verifyloginTest.php" line="16" assertions="1" time="0.009881"/>
      </testsuite>
    </testsuite>
    <testsuite name="HelperTests" tests="1" assertions="0" failures="0" errors="0" time="0.001419">
      <testsuite name="HelperTest" file="/Users/roman/RomanFiles/Homepages/klickagent/clients/zhaw/istudybooks/src/main/php/webapp/application/tests/helpers/HelperTest.php" tests="1" assertions="0" failures="0" errors="0" time="0.001419">
        <testcase name="testSampleFunction" class="HelperTest" file="/Users/roman/RomanFiles/Homepages/klickagent/clients/zhaw/istudybooks/src/main/php/webapp/application/tests/helpers/HelperTest.php" line="14" assertions="0" time="0.001419"/>
      </testsuite>
    </testsuite>
    <testsuite name="LibTests" tests="1" assertions="0" failures="0" errors="0" time="0.001451">
      <testsuite name="SomeLibTest" file="/Users/roman/RomanFiles/Homepages/klickagent/clients/zhaw/istudybooks/src/main/php/webapp/application/tests/libs/SomeLibTest.php" tests="1" assertions="0" failures="0" errors="0" time="0.001451">
        <testcase name="testMethod" class="SomeLibTest" file="/Users/roman/RomanFiles/Homepages/klickagent/clients/zhaw/istudybooks/src/main/php/webapp/application/tests/libs/SomeLibTest.php" line="17" assertions="0" time="0.001451"/>
      </testsuite>
    </testsuite>
    <testsuite name="ModelTests" tests="8" assertions="7" failures="0" errors="0" time="0.090357">
      <testsuite name="SomeModelTest" file="/Users/roman/RomanFiles/Homepages/klickagent/clients/zhaw/istudybooks/src/main/php/webapp/application/tests/models/SomeModelTest.php" tests="1" assertions="0" failures="0" errors="0" time="0.001529">
        <testcase name="testProductFetching" class="SomeModelTest" file="/Users/roman/RomanFiles/Homepages/klickagent/clients/zhaw/istudybooks/src/main/php/webapp/application/tests/models/SomeModelTest.php" line="41" assertions="0" time="0.001529"/>
      </testsuite>
      <testsuite name="OfferModel" file="/Users/roman/RomanFiles/Homepages/klickagent/clients/zhaw/istudybooks/src/main/php/webapp/application/tests/models/offersModelTest.php" tests="5" assertions="5" failures="0" errors="0" time="0.076204">
        <testcase name="testGetArticleTypeTest" class="OfferModel" file="/Users/roman/RomanFiles/Homepages/klickagent/clients/zhaw/istudybooks/src/main/php/webapp/application/tests/models/offersModelTest.php" line="53" assertions="1" time="0.011162"/>
        <testcase name="testGetArticleType_Fail" class="OfferModel" file="/Users/roman/RomanFiles/Homepages/klickagent/clients/zhaw/istudybooks/src/main/php/webapp/application/tests/models/offersModelTest.php" line="61" assertions="1" time="0.027672"/>
        <testcase name="testAddBookToDB" class="OfferModel" file="/Users/roman/RomanFiles/Homepages/klickagent/clients/zhaw/istudybooks/src/main/php/webapp/application/tests/models/offersModelTest.php" line="68" assertions="1" time="0.012424"/>
        <testcase name="testAddOffer" class="OfferModel" file="/Users/roman/RomanFiles/Homepages/klickagent/clients/zhaw/istudybooks/src/main/php/webapp/application/tests/models/offersModelTest.php" line="92" assertions="1" time="0.012619"/>
        <testcase name="testGetOffer" class="OfferModel" file="/Users/roman/RomanFiles/Homepages/klickagent/clients/zhaw/istudybooks/src/main/php/webapp/application/tests/models/offersModelTest.php" line="108" assertions="1" time="0.012327"/>
      </testsuite>
      <testsuite name="userModel" file="/Users/roman/RomanFiles/Homepages/klickagent/clients/zhaw/istudybooks/src/main/php/webapp/application/tests/models/userModelTest.php" tests="2" assertions="2" failures="0" errors="0" time="0.012624">
        <testcase name="testloginSuccess" class="userModel" file="/Users/roman/RomanFiles/Homepages/klickagent/clients/zhaw/istudybooks/src/main/php/webapp/application/tests/models/userModelTest.php" line="36" assertions="1" time="0.006527"/>
        <testcase name="testloginFail" class="userModel" file="/Users/roman/RomanFiles/Homepages/klickagent/clients/zhaw/istudybooks/src/main/php/webapp/application/tests/models/userModelTest.php" line="43" assertions="1" time="0.006097"/>
      </testsuite>
    </testsuite>
    <testsuite name="SystemTests" tests="2" assertions="2" failures="0" errors="0" time="0.003934">
      <testsuite name="PHPTest" file="/Users/roman/RomanFiles/Homepages/klickagent/clients/zhaw/istudybooks/src/main/php/webapp/application/tests/system/PHPTest.php" tests="2" assertions="2" failures="0" errors="0" time="0.003934">
        <testcase name="testFunctionJsonEncode" class="PHPTest" file="/Users/roman/RomanFiles/Homepages/klickagent/clients/zhaw/istudybooks/src/main/php/webapp/application/tests/system/PHPTest.php" line="14" assertions="1" time="0.002356"/>
        <testcase name="testPhpVersion" class="PHPTest" file="/Users/roman/RomanFiles/Homepages/klickagent/clients/zhaw/istudybooks/src/main/php/webapp/application/tests/system/PHPTest.php" line="19" assertions="1" time="0.001578"/>
      </testsuite>
    </testsuite>
  </testsuite>
</testsuites>
