<?xml version="1.0" encoding="UTF-8"?>
<testsuites>
  <testsuite name="" tests="19" assertions="19" failures="0" errors="0" time="0.148901">
    <testsuite name="ControllerTests" tests="7" assertions="10" failures="0" errors="0" time="0.059228">
      <testsuite name="CI_Unit_Test_class_Test" file="/Users/roman/RomanFiles/Homepages/klickagent/clients/zhaw/istudybooks/src/main/php/webapp/application/tests/controllers/CI_Unit_Test_class_Test.php" fullPackage="CI.Unit.Test.class" tests="1" assertions="0" failures="0" errors="0" time="0.002447">
        <testcase name="test_CI_Unit_Test_Class" class="CI_Unit_Test_class_Test" file="/Users/roman/RomanFiles/Homepages/klickagent/clients/zhaw/istudybooks/src/main/php/webapp/application/tests/controllers/CI_Unit_Test_class_Test.php" line="13" assertions="0" time="0.002447"/>
      </testsuite>
      <testsuite name="SomeControllerTest" file="/Users/roman/RomanFiles/Homepages/klickagent/clients/zhaw/istudybooks/src/main/php/webapp/application/tests/controllers/SomeControllerTest.php" tests="1" assertions="1" failures="0" errors="0" time="0.009737">
        <testcase name="testWelcomeController" class="SomeControllerTest" file="/Users/roman/RomanFiles/Homepages/klickagent/clients/zhaw/istudybooks/src/main/php/webapp/application/tests/controllers/SomeControllerTest.php" line="15" assertions="1" time="0.009737"/>
      </testsuite>
      <testsuite name="OfferControllerTest" file="/Users/roman/RomanFiles/Homepages/klickagent/clients/zhaw/istudybooks/src/main/php/webapp/application/tests/controllers/editOfferTest.php" tests="4" assertions="8" failures="0" errors="0" time="0.038073">
        <testcase name="testOfferEditControllerFailsNoLogin" class="OfferControllerTest" file="/Users/roman/RomanFiles/Homepages/klickagent/clients/zhaw/istudybooks/src/main/php/webapp/application/tests/controllers/editOfferTest.php" line="31" assertions="2" time="0.010078"/>
        <testcase name="testOfferDeleteControllerFailsNoLogin" class="OfferControllerTest" file="/Users/roman/RomanFiles/Homepages/klickagent/clients/zhaw/istudybooks/src/main/php/webapp/application/tests/controllers/editOfferTest.php" line="46" assertions="2" time="0.007943"/>
        <testcase name="testOfferDelete" class="OfferControllerTest" file="/Users/roman/RomanFiles/Homepages/klickagent/clients/zhaw/istudybooks/src/main/php/webapp/application/tests/controllers/editOfferTest.php" line="61" assertions="2" time="0.014505"/>
        <testcase name="testOfferDeleteOfferNotAvailable" class="OfferControllerTest" file="/Users/roman/RomanFiles/Homepages/klickagent/clients/zhaw/istudybooks/src/main/php/webapp/application/tests/controllers/editOfferTest.php" line="76" assertions="2" time="0.005547"/>
      </testsuite>
      <testsuite name="VerifyLoginControllerTest" file="/Users/roman/RomanFiles/Homepages/klickagent/clients/zhaw/istudybooks/src/main/php/webapp/application/tests/controllers/verifyloginTest.php" tests="1" assertions="1" failures="0" errors="0" time="0.008971">
        <testcase name="testverifyloginController" class="VerifyLoginControllerTest" file="/Users/roman/RomanFiles/Homepages/klickagent/clients/zhaw/istudybooks/src/main/php/webapp/application/tests/controllers/verifyloginTest.php" line="16" assertions="1" time="0.008971"/>
      </testsuite>
    </testsuite>
    <testsuite name="HelperTests" tests="1" assertions="0" failures="0" errors="0" time="0.001515">
      <testsuite name="HelperTest" file="/Users/roman/RomanFiles/Homepages/klickagent/clients/zhaw/istudybooks/src/main/php/webapp/application/tests/helpers/HelperTest.php" tests="1" assertions="0" failures="0" errors="0" time="0.001515">
        <testcase name="testSampleFunction" class="HelperTest" file="/Users/roman/RomanFiles/Homepages/klickagent/clients/zhaw/istudybooks/src/main/php/webapp/application/tests/helpers/HelperTest.php" line="14" assertions="0" time="0.001515"/>
      </testsuite>
    </testsuite>
    <testsuite name="LibTests" tests="1" assertions="0" failures="0" errors="0" time="0.001405">
      <testsuite name="SomeLibTest" file="/Users/roman/RomanFiles/Homepages/klickagent/clients/zhaw/istudybooks/src/main/php/webapp/application/tests/libs/SomeLibTest.php" tests="1" assertions="0" failures="0" errors="0" time="0.001405">
        <testcase name="testMethod" class="SomeLibTest" file="/Users/roman/RomanFiles/Homepages/klickagent/clients/zhaw/istudybooks/src/main/php/webapp/application/tests/libs/SomeLibTest.php" line="17" assertions="0" time="0.001405"/>
      </testsuite>
    </testsuite>
    <testsuite name="ModelTests" tests="8" assertions="7" failures="0" errors="0" time="0.083604">
      <testsuite name="SomeModelTest" file="/Users/roman/RomanFiles/Homepages/klickagent/clients/zhaw/istudybooks/src/main/php/webapp/application/tests/models/SomeModelTest.php" tests="1" assertions="0" failures="0" errors="0" time="0.001387">
        <testcase name="testProductFetching" class="SomeModelTest" file="/Users/roman/RomanFiles/Homepages/klickagent/clients/zhaw/istudybooks/src/main/php/webapp/application/tests/models/SomeModelTest.php" line="41" assertions="0" time="0.001387"/>
      </testsuite>
      <testsuite name="OfferModel" file="/Users/roman/RomanFiles/Homepages/klickagent/clients/zhaw/istudybooks/src/main/php/webapp/application/tests/models/offersModelTest.php" tests="5" assertions="5" failures="0" errors="0" time="0.069211">
        <testcase name="testGetArticleTypeTest" class="OfferModel" file="/Users/roman/RomanFiles/Homepages/klickagent/clients/zhaw/istudybooks/src/main/php/webapp/application/tests/models/offersModelTest.php" line="53" assertions="1" time="0.015818"/>
        <testcase name="testGetArticleType_Fail" class="OfferModel" file="/Users/roman/RomanFiles/Homepages/klickagent/clients/zhaw/istudybooks/src/main/php/webapp/application/tests/models/offersModelTest.php" line="61" assertions="1" time="0.016052"/>
        <testcase name="testAddBookToDB" class="OfferModel" file="/Users/roman/RomanFiles/Homepages/klickagent/clients/zhaw/istudybooks/src/main/php/webapp/application/tests/models/offersModelTest.php" line="68" assertions="1" time="0.012706"/>
        <testcase name="testAddOffer" class="OfferModel" file="/Users/roman/RomanFiles/Homepages/klickagent/clients/zhaw/istudybooks/src/main/php/webapp/application/tests/models/offersModelTest.php" line="92" assertions="1" time="0.013232"/>
        <testcase name="testGetOffer" class="OfferModel" file="/Users/roman/RomanFiles/Homepages/klickagent/clients/zhaw/istudybooks/src/main/php/webapp/application/tests/models/offersModelTest.php" line="108" assertions="1" time="0.011403"/>
      </testsuite>
      <testsuite name="userModel" file="/Users/roman/RomanFiles/Homepages/klickagent/clients/zhaw/istudybooks/src/main/php/webapp/application/tests/models/userModelTest.php" tests="2" assertions="2" failures="0" errors="0" time="0.013006">
        <testcase name="testloginSuccess" class="userModel" file="/Users/roman/RomanFiles/Homepages/klickagent/clients/zhaw/istudybooks/src/main/php/webapp/application/tests/models/userModelTest.php" line="36" assertions="1" time="0.005904"/>
        <testcase name="testloginFail" class="userModel" file="/Users/roman/RomanFiles/Homepages/klickagent/clients/zhaw/istudybooks/src/main/php/webapp/application/tests/models/userModelTest.php" line="43" assertions="1" time="0.007102"/>
      </testsuite>
    </testsuite>
    <testsuite name="SystemTests" tests="2" assertions="2" failures="0" errors="0" time="0.003149">
      <testsuite name="PHPTest" file="/Users/roman/RomanFiles/Homepages/klickagent/clients/zhaw/istudybooks/src/main/php/webapp/application/tests/system/PHPTest.php" tests="2" assertions="2" failures="0" errors="0" time="0.003149">
        <testcase name="testFunctionJsonEncode" class="PHPTest" file="/Users/roman/RomanFiles/Homepages/klickagent/clients/zhaw/istudybooks/src/main/php/webapp/application/tests/system/PHPTest.php" line="14" assertions="1" time="0.001772"/>
        <testcase name="testPhpVersion" class="PHPTest" file="/Users/roman/RomanFiles/Homepages/klickagent/clients/zhaw/istudybooks/src/main/php/webapp/application/tests/system/PHPTest.php" line="19" assertions="1" time="0.001377"/>
      </testsuite>
    </testsuite>
  </testsuite>
</testsuites>
